<?xml version="1.0" encoding="UTF-8"?>
<testng-results ignored="0" total="1" passed="1" failed="0" skipped="0">
  <reporter-output>
  </reporter-output>
  <suite started-at="2022-08-05T15:47:45 IST" name="Default suite" finished-at="2022-08-05T15:48:02 IST" duration-ms="16535">
    <groups>
    </groups>
    <test started-at="2022-08-05T15:47:45 IST" name="Default test" finished-at="2022-08-05T15:48:02 IST" duration-ms="16535">
      <class name="Test_case_practise.Tc_001_demowebshop">
        <test-method signature="Practice()[pri:0, instance:Test_case_practise.Tc_001_demowebshop@4da4253]" started-at="2022-08-05T15:47:45 IST" name="Practice" finished-at="2022-08-05T15:48:02 IST" duration-ms="16425" status="PASS">
          <reporter-output>
          </reporter-output>
        </test-method> <!-- Practice -->
      </class> <!-- Test_case_practise.Tc_001_demowebshop -->
    </test> <!-- Default test -->
  </suite> <!-- Default suite -->
</testng-results>
